<?xml version="1.0" encoding="UTF-8"?>
<testng-results skipped="0" failed="0" ignored="0" total="1" passed="1">
  <reporter-output>
  </reporter-output>
  <suite name="Default suite" duration-ms="44782" started-at="2019-03-12T04:09:19Z" finished-at="2019-03-12T04:10:04Z">
    <groups>
    </groups>
    <test name="Default test" duration-ms="44782" started-at="2019-03-12T04:09:19Z" finished-at="2019-03-12T04:10:04Z">
      <class name="com.training.sanity.tests.RTTC_001Tests">
        <test-method status="PASS" signature="setUpBeforeClass()[pri:0, instance:com.training.sanity.tests.RTTC_001Tests@7d9d1a19]" name="setUpBeforeClass" is-config="true" duration-ms="31" started-at="2019-03-12T04:09:19Z" finished-at="2019-03-12T04:09:19Z">
          <reporter-output>
          </reporter-output>
        </test-method> <!-- setUpBeforeClass -->
        <test-method status="PASS" signature="setUp()[pri:0, instance:com.training.sanity.tests.RTTC_001Tests@7d9d1a19]" name="setUp" is-config="true" duration-ms="18930" started-at="2019-03-12T04:09:19Z" finished-at="2019-03-12T04:09:38Z">
          <reporter-output>
          </reporter-output>
        </test-method> <!-- setUp -->
        <test-method status="PASS" signature="validNewUserRegistrationTest()[pri:0, instance:com.training.sanity.tests.RTTC_001Tests@7d9d1a19]" name="validNewUserRegistrationTest" duration-ms="24091" started-at="2019-03-12T04:09:38Z" finished-at="2019-03-12T04:10:02Z">
          <reporter-output>
          </reporter-output>
        </test-method> <!-- validNewUserRegistrationTest -->
        <test-method status="PASS" signature="tearDown()[pri:0, instance:com.training.sanity.tests.RTTC_001Tests@7d9d1a19]" name="tearDown" is-config="true" duration-ms="1727" started-at="2019-03-12T04:10:02Z" finished-at="2019-03-12T04:10:04Z">
          <reporter-output>
          </reporter-output>
        </test-method> <!-- tearDown -->
      </class> <!-- com.training.sanity.tests.RTTC_001Tests -->
    </test> <!-- Default test -->
  </suite> <!-- Default suite -->
</testng-results>
